<?xml version="1.0" encoding="UTF-8"?>
<testsuite xmlns:xsi="http://www.w3.org/2001/XMLSchema-instance" xsi:noNamespaceSchemaLocation="https://maven.apache.org/surefire/maven-surefire-plugin/xsd/surefire-test-report.xsd" version="3.0.2" name="in.learner.BillingSoftware.BillingSoftwareApplicationTests" time="19.25" tests="1" errors="0" skipped="0" failures="0" flakes="0">
  <properties>
[...]
</properties>
  <testcase name="contextLoads" classname="in.learner.BillingSoftware.BillingSoftwareApplicationTests" time="0.567">
    <system-out><![CDATA[20:28:23.523 [main] INFO org.springframework.test.context.support.AnnotationConfigContextLoaderUtils -- Could not detect default configuration classes for test class [in.learner.BillingSoftware.BillingSoftwareApplicationTests]: BillingSoftwareApplicationTests does not declare any static, non-private, non-final, nested classes annotated with @Configuration.
20:28:23.681 [main] INFO org.springframework.boot.test.context.SpringBootTestContextBootstrapper -- Found @SpringBootConfiguration in.learner.BillingSoftware.BillingSoftwareApplication for test class in.learner.BillingSoftware.BillingSoftwareApplicationTests
20:28:23.818 [main] INFO org.springframework.test.context.support.AnnotationConfigContextLoaderUtils -- Could not detect default configuration classes for test class [in.learner.BillingSoftware.BillingSoftwareApplicationTests]: BillingSoftwareApplicationTests does not declare any static, non-private, non-final, nested classes annotated with @Configuration.
20:28:23.821 [main] INFO org.springframework.boot.test.context.SpringBootTestContextBootstrapper -- Found @SpringBootConfiguration in.learner.BillingSoftware.BillingSoftwareApplication for test class in.learner.BillingSoftware.BillingSoftwareApplicationTests
20:28:24.014 [main] INFO org.springframework.boot.devtools.restart.RestartApplicationListener -- Restart disabled due to context in which it is running

  .   ____          _            __ _ _
 /\\ / ___'_ __ _ _(_)_ __  __ _ \ \ \ \
( ( )\___ | '_ | '_| | '_ \/ _` | \ \ \ \
 \\/  ___)| |_)| | | | | || (_| |  ) ) ) )
  '  |____| .__|_| |_|_| |_\__, | / / / /
 =========|_|==============|___/=/_/_/_/

 :: Spring Boot ::                (v4.1.1)

2026-09-26T20:28:24.530+05:30  WARN 1484 --- [BillingSoftware] [           main] ory$DuplicateJsonObjectContextCustomizer : 

Found multiple occurrences of org.json.JSONObject on the class path:

	jar:file:/C:/Users/PC/.m2/repository/org/json/json/20180130/json-20180130.jar!/org/json/JSONObject.class
	jar:file:/C:/Users/PC/.m2/repository/com/vaadin/external/google/android-json/0.0.20131108.vaadin1/android-json-0.0.20131108.vaadin1.jar!/org/json/JSONObject.class

You may wish to exclude one of them to ensure predictable runtime behavior

2026-09-26T20:28:24.563+05:30  INFO 1484 --- [BillingSoftware] [           main] i.l.B.BillingSoftwareApplicationTests    : Starting BillingSoftwareApplicationTests using Java 21.0.5 with PID 1484 (started by PC in C:\Users\PC\Documents\SpringBootApplication\Project\Backend)
2026-09-26T20:28:24.564+05:30  INFO 1484 --- [BillingSoftware] [           main] i.l.B.BillingSoftwareApplicationTests    : The following 1 profile is active: "prod"
2026-09-26T20:28:25.808+05:30  INFO 1484 --- [BillingSoftware] [           main] .s.d.r.c.RepositoryConfigurationDelegate : Bootstrapping Spring Data JPA repositories in DEFAULT mode.
2026-09-26T20:28:25.959+05:30  INFO 1484 --- [BillingSoftware] [           main] .s.d.r.c.RepositoryConfigurationDelegate : Finished Spring Data repository scanning in 132 ms. Found 5 JPA repository interfaces.
2026-09-26T20:28:26.967+05:30  INFO 1484 --- [BillingSoftware] [           main] org.hibernate.orm.jpa                    : HHH008540: Processing PersistenceUnitInfo [name: default]
2026-09-26T20:28:27.136+05:30  INFO 1484 --- [BillingSoftware] [           main] org.hibernate.orm.core                   : HHH000001: Hibernate ORM core version 7.4.5.Final
2026-09-26T20:28:28.111+05:30  INFO 1484 --- [BillingSoftware] [           main] o.s.o.j.p.SpringPersistenceUnitInfo      : No LoadTimeWeaver setup: ignoring JPA class transformer
2026-09-26T20:28:28.238+05:30  INFO 1484 --- [BillingSoftware] [           main] com.zaxxer.hikari.HikariDataSource       : HikariPool-1 - Starting...
2026-09-26T20:28:32.924+05:30  INFO 1484 --- [BillingSoftware] [           main] com.zaxxer.hikari.pool.HikariPool        : HikariPool-1 - Added connection org.postgresql.jdbc.PgConnection@23263ba
2026-09-26T20:28:32.925+05:30  INFO 1484 --- [BillingSoftware] [           main] com.zaxxer.hikari.HikariDataSource       : HikariPool-1 - Start completed.
2026-09-26T20:28:33.078+05:30  WARN 1484 --- [BillingSoftware] [           main] org.hibernate.orm.deprecation            : HHH90000025: PostgreSQLDialect does not need to be specified explicitly using 'hibernate.dialect' (remove the property setting and it will be selected by default)
2026-09-26T20:28:33.537+05:30  INFO 1484 --- [BillingSoftware] [           main] org.hibernate.orm.connections.pooling    : HHH10001005: Database info:
	Database JDBC URL [jdbc:postgresql://dpg-daria2t9fdbs739nfiq0-a.singapore-postgres.render.com:5432/billing_app_3k8w]
	Database driver: PostgreSQL JDBC Driver
	Database dialect: PostgreSQLDialect
	Database version: 18.6
	Default catalog/schema: billing_app_3k8w/public
	Autocommit mode: undefined/unknown
	Isolation level: READ_COMMITTED [default READ_COMMITTED]
	JDBC fetch size: none
	Pool: DataSourceConnectionProvider
	Minimum pool size: undefined/unknown
	Maximum pool size: undefined/unknown
2026-09-26T20:28:36.139+05:30  INFO 1484 --- [BillingSoftware] [           main] org.hibernate.orm.core                   : HHH000489: No JTA platform available (set 'hibernate.transaction.jta.platform' to enable JTA platform integration)
2026-09-26T20:28:37.565+05:30  INFO 1484 --- [BillingSoftware] [           main] j.LocalContainerEntityManagerFactoryBean : Initialized JPA EntityManagerFactory for persistence unit 'default'
2026-09-26T20:28:37.711+05:30  INFO 1484 --- [BillingSoftware] [           main] o.s.d.j.r.query.QueryEnhancerFactories   : Hibernate is in classpath; If applicable, HQL parser will be used.
2026-09-26T20:28:40.237+05:30  WARN 1484 --- [BillingSoftware] [           main] JpaBaseConfiguration$JpaWebConfiguration : spring.jpa.open-in-view is enabled by default. Therefore, database queries may be performed during view rendering. Explicitly configure spring.jpa.open-in-view to disable this warning
2026-09-26T20:28:40.321+05:30  INFO 1484 --- [BillingSoftware] [           main] r$InitializeUserDetailsManagerConfigurer : Global AuthenticationManager configured with UserDetailsService bean with name appUserDetailsService
2026-09-26T20:28:41.117+05:30  INFO 1484 --- [BillingSoftware] [           main] i.l.B.BillingSoftwareApplicationTests    : Started BillingSoftwareApplicationTests in 17.141 seconds (process running for 19.395)
Hibernate: 
    select
        count(*) 
    from
        tbl_users ue1_0
]]></system-out>
    <system-err><![CDATA[Mockito is currently self-attaching to enable the inline-mock-maker. This will no longer work in future releases of the JDK. Please add Mockito as an agent to your build as described in Mockito's documentation: https://javadoc.io/doc/org.mockito/mockito-core/latest/org.mockito/org/mockito/Mockito.html#0.3
WARNING: A Java agent has been loaded dynamically (C:\Users\PC\.m2\repository\net\bytebuddy\byte-buddy-agent\1.18.11\byte-buddy-agent-1.18.11.jar)
WARNING: If a serviceability tool is in use, please run with -XX:+EnableDynamicAgentLoading to hide this warning
WARNING: If a serviceability tool is not in use, please run with -Djdk.instrument.traceUsage for more information
WARNING: Dynamic loading of agents will be disallowed by default in a future release
]]></system-err>
  </testcase>
</testsuite>